This is pdfTeX, Version 3.14159265-2.6-1.40.18 (MiKTeX 2.9.6500 64-bit) (preloaded format=pdflatex 2017.12.5)  2 JUL 2018 15:23
entering extended mode
**./math-commandsB.tex
(math-commandsB.tex
LaTeX2e <2017-04-15>
Babel <3.15> and hyphenation patterns for 75 language(s) loaded.

! LaTeX Error: \usepackage before \documentclass.

See the LaTeX manual or LaTeX Companion for explanation.
Type  H <return>  for immediate help.
 ...                                              
                                                  
l.272 \usepackage{
                  booktabs,array}
\usepackage may only appear in the document preamble, i.e.,
between \documentclass and \begin{document}.

\rowc=\count79
)
! Emergency stop.
<*> ./math-commandsB.tex
                        
*** (job aborted, no legal \end found)

 
Here is how much of TeX's memory you used:
 132 strings out of 493312
 827 string characters out of 3138899
 53761 words of memory out of 3000000
 3780 multiletter control sequences out of 15000+200000
 3640 words of font info for 14 fonts, out of 3000000 for 9000
 1141 hyphenation exceptions out of 8191
 8i,0n,10p,100b,14s stack positions out of 5000i,500n,10000p,200000b,50000s
!  ==> Fatal error occurred, no output PDF file produced!
